<?xml version="1.0" encoding="UTF-8"?>
<!-- Generated by org.testng.reporters.JUnitReportReporter -->
<testsuite hostname="MAA15-CG1288LYS" failures="0" tests="1" name="testCases.LogoutTestcase" time="12.725" errors="0" timestamp="24 Nov 2023 14:35:42 GMT" skipped="0">
  <testcase classname="testCases.LogoutTestcase" name="logout" time="12.725"/>
</testsuite> <!-- testCases.LogoutTestcase -->
