<?xml version="1.0" encoding="UTF-8"?>
<!-- Generated by org.testng.reporters.JUnitReportReporter -->
<testsuite hostname="MAA15-CG1288LYS" failures="0" tests="1" name="testCases.LoginTestcase2" time="56.650" errors="0" timestamp="23 Feb 2024 16:01:32 GMT" skipped="0">
  <testcase classname="testCases.LoginTestcase2" name="loginTest" time="56.650"/>
</testsuite> <!-- testCases.LoginTestcase2 -->
