<?xml version="1.0" encoding="UTF-8"?>
<!-- Generated by org.testng.reporters.JUnitReportReporter -->
<testsuite hostname="MAA15-CG1288LYS" failures="0" tests="1" name="PageFactoryWithoutAnnotations.LoginWithoutAnnotation2" time="27.365" errors="0" timestamp="23 Feb 2024 16:40:22 GMT" skipped="0">
  <testcase classname="PageFactoryWithoutAnnotations.LoginWithoutAnnotation2" name="login" time="27.365"/>
</testsuite> <!-- PageFactoryWithoutAnnotations.LoginWithoutAnnotation2 -->
