<?xml version="1.0" encoding="UTF-8"?>
<!-- Generated by org.testng.reporters.JUnitReportReporter -->
<testsuite hostname="MAA15-CG1288LYS" failures="0" tests="1" name="testCases.LoginTestcases" time="12.909" errors="0" timestamp="24 Nov 2023 14:20:38 GMT" skipped="0">
  <testcase classname="testCases.LoginTestcases" name="login" time="12.909"/>
</testsuite> <!-- testCases.LoginTestcases -->
